  Assembling calc.asm...
calc.asm(1): error A2013: .MODEL must precede this directive
calc.asm(2): error A2034: must be in segment block
calc.asm(3): error A2034: must be in segment block
calc.asm(4): error A2034: must be in segment block
calc.asm(6): error A2013: .MODEL must precede this directive
calc.asm(7): error A2034: must be in segment block : calc
calc.asm(8): error A2034: must be in segment block
calc.asm(9): error A2034: must be in segment block
calc.asm(10): error A2034: must be in segment block
calc.asm(11): error A2034: must be in segment block
calc.asm(12): error A2034: must be in segment block
calc.asm(13): error A2034: must be in segment block
calc.asm(16): error A2034: must be in segment block
calc.asm(17): error A2034: must be in segment block
calc.asm(19): error A2034: must be in segment block
calc.asm(20): error A2034: must be in segment block
calc.asm(21): error A2034: must be in segment block
calc.asm(23): error A2034: must be in segment block
calc.asm(25): error A2034: must be in segment block
calc.asm(26): error A2034: must be in segment block
calc.asm(27): error A2034: must be in segment block
calc.asm(28): error A2034: must be in segment block
calc.asm(29): error A2034: must be in segment block
calc.asm(31): error A2034: must be in segment block
calc.asm(34): error A2034: must be in segment block
calc.asm(35): error A2034: must be in segment block
calc.asm(36): error A2034: must be in segment block
calc.asm(37): error A2034: must be in segment block
calc.asm(38): error A2034: must be in segment block
calc.asm(40): error A2034: must be in segment block
calc.asm(42): error A2034: must be in segment block
calc.asm(43): error A2034: must be in segment block
calc.asm(44): error A2034: must be in segment block
calc.asm(45): error A2034: must be in segment block
calc.asm(46): error A2034: must be in segment block
calc.asm(47): error A2034: must be in segment block
calc.asm(48): error A2034: must be in segment block
calc.asm(49): error A2034: must be in segment block
calc.asm(51): error A2034: must be in segment block
calc.asm(52): error A2034: must be in segment block
calc.asm(53): error A2034: must be in segment block
calc.asm(54): error A2034: must be in segment block
calc.asm(55): error A2034: must be in segment block
calc.asm(56): error A2034: must be in segment block
calc.asm(58): error A2034: must be in segment block
calc.asm(59): error A2034: must be in segment block
calc.asm(60): error A2034: must be in segment block
calc.asm(61): error A2034: must be in segment block
calc.asm(62): error A2034: must be in segment block
calc.asm(63): fatal error A1010: unmatched block nesting : calc
C:\Program Files\Microsoft Visual Studio\2022\Community\MSBuild\Microsoft\VC\v170\BuildCustomizations\masm.targets(70,5): error MSB3721: The command "ml.exe /c /nologo /Zi /Fo"Debug\calc.obj" /W3 /errorReport:prompt  /Tacalc.asm" exited with code 1.
