ISim log file
Running: C:\Users\Admin\Desktop\MKS\Lab_2_Example\TopLevel_isim_beh.exe -intstyle ise -gui -tclbatch isim.cmd -wdb C:/Users/Admin/Desktop/MKS/Lab_2_Example/TopLevel_isim_beh.wdb 
ISim P.20131013 (signature 0x7708f090)
WARNING: A WEBPACK license was found.
WARNING: Please use Xilinx License Configuration Manager to check out a full ISim license.
WARNING: ISim will run in Lite mode. Please refer to the ISim documentation for more information on the differences between the Lite and the Full version.
This is a Lite version of ISim.
Time resolution is 1 ps
# onerror resume
# wave add /
# run 1000 ns
Simulator is doing circuit initialization process.
Finished circuit initialization process.
# restart
# isim force add /toplevel/clock 0 -radix bin -value 1 -radix bin -time 50 ns -repeat 100 ns
# isim force add /toplevel/clock 0 -radix bin -value 1 -radix bin -time 50 ns -repeat 100 ns
# isim force add /toplevel/mode 0 -radix bin
# isim force add /toplevel/mode 0 -radix bin
# isim force add /toplevel/rst 0 -radix bin
# isim force add /toplevel/rst 0 -radix bin
# isim force add /toplevel/xlxn_19 0 -radix bin
# isim force add /toplevel/xlxn_19 0 -radix bin
# run all
Simulator is doing circuit initialization process.
Finished circuit initialization process.
Stopped at time : 1722705350 ns : File "C:/Users/Admin/Desktop/MKS/Lab_2_Example/TopLevel.vhf" Line 57
