ISim log file
Running: D:\Polytech\Xilinix Proj\Decoder\My2To4Decoder_isim_beh.exe -intstyle ise -gui -tclbatch isim.cmd -wdb D:/Polytech/Xilinix Proj/Decoder/My2To4Decoder_isim_beh.wdb 
ISim P.20131013 (signature 0x7708f090)
WARNING: A WEBPACK license was found.
WARNING: Please use Xilinx License Configuration Manager to check out a full ISim license.
WARNING: ISim will run in Lite mode. Please refer to the ISim documentation for more information on the differences between the Lite and the Full version.
This is a Lite version of ISim.
Time resolution is 1 ps
# onerror resume
# wave add /
# run 1000 ns
Simulator is doing circuit initialization process.
Finished circuit initialization process.
# isim force add /My2To4Decoder/IN_0 1 -radix bin -value 0 -radix bin -time 500 ns -repeat 1 us
# isim force add /My2To4Decoder/IN_0 1 -radix bin -value 0 -radix bin -time 500 ns -repeat 1 us
# isim force add /My2To4Decoder/IN_1 1 -radix bin -value 0 -radix bin -time 1 us -repeat 2 us
# isim force add /My2To4Decoder/IN_1 1 -radix bin -value 0 -radix bin -time 1 us -repeat 2 us
# isim force add /My2To4Decoder/IN_2 1 -radix bin -value 0 -radix bin -time 2 us -repeat 4 us
# isim force add /My2To4Decoder/IN_2 1 -radix bin -value 0 -radix bin -time 2 us -repeat 4 us
# isim force add /My2To4Decoder/IN_3 1 -radix bin -value 0 -radix bin -time 4 us -repeat 8 us
# isim force add /My2To4Decoder/IN_3 1 -radix bin -value 0 -radix bin -time 4 us -repeat 8 us
# isim force add /My2To4Decoder/IN_2 1 -radix bin -value 0 -radix bin -time 2 us -repeat 4 us
# isim force add /My2To4Decoder/IN_2 1 -radix bin -value 0 -radix bin -time 2 us -repeat 4 us
# run 1.00us
# run 1.00us
# run 1.00us
# run 1.00us
# run 1.00us
# run 1.00us
# run 1.00us
# run 1.00us
# run 1.00us
# run 1.00us
# run 1.00us
# run 1.00us
# run 1.00us
# run 1.00us
# run 1.00us
# run 1.00us
# run 1.00us
# run 1.00us
# run 1.00us
# run 1.00us
# run 1.00us
# run 1.00us
# run 1.00us
# run 1.00us
# isim force add /My2To4Decoder/IN_3 1 -radix bin -value 0 -radix bin -time 500 ns -repeat 1 us
# isim force add /My2To4Decoder/IN_3 1 -radix bin -value 0 -radix bin -time 500 ns -repeat 1 us
# isim force add /My2To4Decoder/IN_2 1 -radix bin -value 0 -radix bin -time 1 us -repeat 2 us
# isim force add /My2To4Decoder/IN_2 1 -radix bin -value 0 -radix bin -time 1 us -repeat 2 us
# isim force add /My2To4Decoder/IN_1 1 -radix bin -value 0 -radix bin -time 2 us -repeat 4 us
# isim force add /My2To4Decoder/IN_1 1 -radix bin -value 0 -radix bin -time 2 us -repeat 4 us
# isim force add /My2To4Decoder/IN_0 1 -radix bin -value 0 -radix bin -time 4 us -repeat 8 us
# isim force add /My2To4Decoder/IN_0 1 -radix bin -value 0 -radix bin -time 4 us -repeat 8 us
# run 1.00us
# run 1.00us
# run 1.00us
# run 1.00us
# run 1.00us
# run 1.00us
# run 1.00us
# run 1.00us
# run 1.00us
# run 1.00us
# run 1.00us
# run 1.00us
# run 1.00us
# run 1.00us
# run 1.00us
# run 1.00us
# run 1.00us
# run 1.00us
# run 1.00us
