Release 14.7 - xst P.20131013 (nt64)
Copyright (c) 1995-2013 Xilinx, Inc.  All rights reserved.
--> Parameter TMPDIR set to xst/projnav.tmp


Total REAL time to Xst completion: 0.00 secs
Total CPU time to Xst completion: 0.05 secs
 
--> Parameter xsthdpdir set to xst


Total REAL time to Xst completion: 0.00 secs
Total CPU time to Xst completion: 0.05 secs
 
--> Reading design: My2To4Decoder.prj

TABLE OF CONTENTS
  1) Synthesis Options Summary
  2) HDL Compilation
  3) Design Hierarchy Analysis
  4) HDL Analysis
  5) HDL Synthesis
     5.1) HDL Synthesis Report
  6) Advanced HDL Synthesis
     6.1) Advanced HDL Synthesis Report
  7) Low Level Synthesis
  8) Partition Report
  9) Final Report
	9.1) Device utilization summary
	9.2) Partition Resource Summary
	9.3) TIMING REPORT


=========================================================================
*                      Synthesis Options Summary                        *
=========================================================================
---- Source Parameters
Input File Name                    : "My2To4Decoder.prj"
Input Format                       : mixed
Ignore Synthesis Constraint File   : NO

---- Target Parameters
Output File Name                   : "My2To4Decoder"
Output Format                      : NGC
Target Device                      : xc3s50a-5-tq144

---- Source Options
Top Module Name                    : My2To4Decoder
Automatic FSM Extraction           : YES
FSM Encoding Algorithm             : Auto
Safe Implementation                : No
FSM Style                          : LUT
RAM Extraction                     : Yes
RAM Style                          : Auto
ROM Extraction                     : Yes
Mux Style                          : Auto
Decoder Extraction                 : YES
Priority Encoder Extraction        : Yes
Shift Register Extraction          : YES
Logical Shifter Extraction         : YES
XOR Collapsing                     : YES
ROM Style                          : Auto
Mux Extraction                     : Yes
Resource Sharing                   : YES
Asynchronous To Synchronous        : NO
Multiplier Style                   : Auto
Automatic Register Balancing       : No

---- Target Options
Add IO Buffers                     : YES
Global Maximum Fanout              : 100000
Add Generic Clock Buffer(BUFG)     : 24
Register Duplication               : YES
Slice Packing                      : YES
Optimize Instantiated Primitives   : NO
Use Clock Enable                   : Yes
Use Synchronous Set                : Yes
Use Synchronous Reset              : Yes
Pack IO Registers into IOBs        : Auto
Equivalent register Removal        : YES

---- General Options
Optimization Goal                  : Speed
Optimization Effort                : 1
Keep Hierarchy                     : No
Netlist Hierarchy                  : As_Optimized
RTL Output                         : Yes
Global Optimization                : AllClockNets
Read Cores                         : YES
Write Timing Constraints           : NO
Cross Clock Analysis               : NO
Hierarchy Separator                : /
Bus Delimiter                      : <>
Case Specifier                     : Maintain
Slice Utilization Ratio            : 100
BRAM Utilization Ratio             : 100
Verilog 2001                       : YES
Auto BRAM Packing                  : NO
Slice Utilization Ratio Delta      : 5

=========================================================================


=========================================================================
*                          HDL Compilation                              *
=========================================================================
Compiling verilog file "My2To4Decoder.vf" in library work
Module <IBUF4_HXILINX_My2To4Decoder> compiled
Module <My2To4Decoder> compiled
No errors in compilation
Analysis of file <"My2To4Decoder.prj"> succeeded.
 

=========================================================================
*                     Design Hierarchy Analysis                         *
=========================================================================
Analyzing hierarchy for module <My2To4Decoder> in library <work>.

Analyzing hierarchy for module <IBUF4_HXILINX_My2To4Decoder> in library <work>.

WARNING:Xst:2591 - "My2To4Decoder.vf" line 158: attribute on instance <DRIVE> overrides generic/parameter on entity. It is possible that simulator will not take this attribute into account.
WARNING:Xst:2591 - "My2To4Decoder.vf" line 158: attribute on instance <IOSTANDARD> overrides generic/parameter on entity. It is possible that simulator will not take this attribute into account.
WARNING:Xst:2591 - "My2To4Decoder.vf" line 158: attribute on instance <SLEW> overrides generic/parameter on entity. It is possible that simulator will not take this attribute into account.
WARNING:Xst:2591 - "My2To4Decoder.vf" line 161: attribute on instance <DRIVE> overrides generic/parameter on entity. It is possible that simulator will not take this attribute into account.
WARNING:Xst:2591 - "My2To4Decoder.vf" line 161: attribute on instance <IOSTANDARD> overrides generic/parameter on entity. It is possible that simulator will not take this attribute into account.
WARNING:Xst:2591 - "My2To4Decoder.vf" line 161: attribute on instance <SLEW> overrides generic/parameter on entity. It is possible that simulator will not take this attribute into account.
WARNING:Xst:2591 - "My2To4Decoder.vf" line 164: attribute on instance <DRIVE> overrides generic/parameter on entity. It is possible that simulator will not take this attribute into account.
WARNING:Xst:2591 - "My2To4Decoder.vf" line 164: attribute on instance <IOSTANDARD> overrides generic/parameter on entity. It is possible that simulator will not take this attribute into account.
WARNING:Xst:2591 - "My2To4Decoder.vf" line 164: attribute on instance <SLEW> overrides generic/parameter on entity. It is possible that simulator will not take this attribute into account.
WARNING:Xst:2591 - "My2To4Decoder.vf" line 167: attribute on instance <DRIVE> overrides generic/parameter on entity. It is possible that simulator will not take this attribute into account.
WARNING:Xst:2591 - "My2To4Decoder.vf" line 167: attribute on instance <IOSTANDARD> overrides generic/parameter on entity. It is possible that simulator will not take this attribute into account.
WARNING:Xst:2591 - "My2To4Decoder.vf" line 167: attribute on instance <SLEW> overrides generic/parameter on entity. It is possible that simulator will not take this attribute into account.
WARNING:Xst:2591 - "My2To4Decoder.vf" line 170: attribute on instance <DRIVE> overrides generic/parameter on entity. It is possible that simulator will not take this attribute into account.
WARNING:Xst:2591 - "My2To4Decoder.vf" line 170: attribute on instance <IOSTANDARD> overrides generic/parameter on entity. It is possible that simulator will not take this attribute into account.
WARNING:Xst:2591 - "My2To4Decoder.vf" line 170: attribute on instance <SLEW> overrides generic/parameter on entity. It is possible that simulator will not take this attribute into account.
WARNING:Xst:2591 - "My2To4Decoder.vf" line 173: attribute on instance <DRIVE> overrides generic/parameter on entity. It is possible that simulator will not take this attribute into account.
WARNING:Xst:2591 - "My2To4Decoder.vf" line 173: attribute on instance <IOSTANDARD> overrides generic/parameter on entity. It is possible that simulator will not take this attribute into account.
WARNING:Xst:2591 - "My2To4Decoder.vf" line 173: attribute on instance <SLEW> overrides generic/parameter on entity. It is possible that simulator will not take this attribute into account.

=========================================================================
*                            HDL Analysis                               *
=========================================================================
Analyzing top module <My2To4Decoder>.
Module <My2To4Decoder> is correct for synthesis.
 
    Set user-defined property "CAPACITANCE =  DONT_CARE" for instance <XLXI_79> in unit <My2To4Decoder>.
    Set user-defined property "DRIVE =  12" for instance <XLXI_79> in unit <My2To4Decoder>.
    Set user-defined property "IOSTANDARD =  DEFAULT" for instance <XLXI_79> in unit <My2To4Decoder>.
    Set user-defined property "SLEW =  SLOW" for instance <XLXI_79> in unit <My2To4Decoder>.
    Set user-defined property "CAPACITANCE =  DONT_CARE" for instance <XLXI_80> in unit <My2To4Decoder>.
    Set user-defined property "DRIVE =  12" for instance <XLXI_80> in unit <My2To4Decoder>.
    Set user-defined property "IOSTANDARD =  DEFAULT" for instance <XLXI_80> in unit <My2To4Decoder>.
    Set user-defined property "SLEW =  SLOW" for instance <XLXI_80> in unit <My2To4Decoder>.
    Set user-defined property "CAPACITANCE =  DONT_CARE" for instance <XLXI_81> in unit <My2To4Decoder>.
    Set user-defined property "DRIVE =  12" for instance <XLXI_81> in unit <My2To4Decoder>.
    Set user-defined property "IOSTANDARD =  DEFAULT" for instance <XLXI_81> in unit <My2To4Decoder>.
    Set user-defined property "SLEW =  SLOW" for instance <XLXI_81> in unit <My2To4Decoder>.
    Set user-defined property "CAPACITANCE =  DONT_CARE" for instance <XLXI_82> in unit <My2To4Decoder>.
    Set user-defined property "DRIVE =  12" for instance <XLXI_82> in unit <My2To4Decoder>.
    Set user-defined property "IOSTANDARD =  DEFAULT" for instance <XLXI_82> in unit <My2To4Decoder>.
    Set user-defined property "SLEW =  SLOW" for instance <XLXI_82> in unit <My2To4Decoder>.
    Set user-defined property "CAPACITANCE =  DONT_CARE" for instance <XLXI_83> in unit <My2To4Decoder>.
    Set user-defined property "DRIVE =  12" for instance <XLXI_83> in unit <My2To4Decoder>.
    Set user-defined property "IOSTANDARD =  DEFAULT" for instance <XLXI_83> in unit <My2To4Decoder>.
    Set user-defined property "SLEW =  SLOW" for instance <XLXI_83> in unit <My2To4Decoder>.
    Set user-defined property "CAPACITANCE =  DONT_CARE" for instance <XLXI_84> in unit <My2To4Decoder>.
    Set user-defined property "DRIVE =  12" for instance <XLXI_84> in unit <My2To4Decoder>.
    Set user-defined property "IOSTANDARD =  DEFAULT" for instance <XLXI_84> in unit <My2To4Decoder>.
    Set user-defined property "SLEW =  SLOW" for instance <XLXI_84> in unit <My2To4Decoder>.
    Set user-defined property "HU_SET =  XLXI_70_0" for instance <XLXI_70> in unit <My2To4Decoder>.
Analyzing module <IBUF4_HXILINX_My2To4Decoder> in library <work>.
Module <IBUF4_HXILINX_My2To4Decoder> is correct for synthesis.
 

=========================================================================
*                           HDL Synthesis                               *
=========================================================================

Performing bidirectional port resolution...

Synthesizing Unit <IBUF4_HXILINX_My2To4Decoder>.
    Related source file is "My2To4Decoder.vf".
Unit <IBUF4_HXILINX_My2To4Decoder> synthesized.


Synthesizing Unit <My2To4Decoder>.
    Related source file is "My2To4Decoder.vf".
Unit <My2To4Decoder> synthesized.


=========================================================================
HDL Synthesis Report

Found no macro
=========================================================================

=========================================================================
*                       Advanced HDL Synthesis                          *
=========================================================================


=========================================================================
Advanced HDL Synthesis Report

Found no macro
=========================================================================

=========================================================================
*                         Low Level Synthesis                           *
=========================================================================

Optimizing unit <My2To4Decoder> ...

Optimizing unit <IBUF4_HXILINX_My2To4Decoder> ...

Mapping all equations...
Building and optimizing final netlist ...
Found area constraint ratio of 100 (+ 5) on block My2To4Decoder, actual ratio is 0.

Final Macro Processing ...

=========================================================================
Final Register Report

Found no macro
=========================================================================

=========================================================================
*                           Partition Report                            *
=========================================================================

Partition Implementation Status
-------------------------------

  No Partitions were found in this design.

-------------------------------

=========================================================================
*                            Final Report                               *
=========================================================================
Final Results
RTL Top Level Output File Name     : My2To4Decoder.ngr
Top Level Output File Name         : My2To4Decoder
Output Format                      : NGC
Optimization Goal                  : Speed
Keep Hierarchy                     : No

Design Statistics
# IOs                              : 10

Cell Usage :
# BELS                             : 17
#      AND3                        : 4
#      AND4                        : 5
#      INV                         : 4
#      OR2                         : 2
#      OR3                         : 1
#      OR4                         : 1
# IO Buffers                       : 10
#      IBUF                        : 4
#      OBUF                        : 6
=========================================================================

Device utilization summary:
---------------------------

Selected Device : 3s50atq144-5 

 Number of Slices:                        2  out of    704     0%  
 Number of 4 input LUTs:                  4  out of   1408     0%  
 Number of IOs:                          10
 Number of bonded IOBs:                  10  out of    108     9%  

---------------------------
Partition Resource Summary:
---------------------------

  No Partitions were found in this design.

---------------------------


=========================================================================
TIMING REPORT

NOTE: THESE TIMING NUMBERS ARE ONLY A SYNTHESIS ESTIMATE.
      FOR ACCURATE TIMING INFORMATION PLEASE REFER TO THE TRACE REPORT
      GENERATED AFTER PLACE-and-ROUTE.

Clock Information:
------------------
No clock signals found in this design

Asynchronous Control Signals Information:
----------------------------------------
No asynchronous control signals found in this design

Timing Summary:
---------------
Speed Grade: -5

   Minimum period: No path found
   Minimum input arrival time before clock: No path found
   Maximum output required time after clock: No path found
   Maximum combinational path delay: 8.757ns

Timing Detail:
--------------
All values displayed in nanoseconds (ns)

=========================================================================
Timing constraint: Default path analysis
  Total number of paths / destination ports: 36 / 6
-------------------------------------------------------------------------
Delay:               8.757ns (Levels of Logic = 6)
  Source:            IN_0 (PAD)
  Destination:       OUT_0 (PAD)

  Data Path: IN_0 to OUT_0
                                Gate     Net
    Cell:in->out      fanout   Delay   Delay  Logical Name (Net Name)
    ----------------------------------------  ------------
     IBUF:I->O             6   0.824   0.569  IN_0_IBUF (IN_0_IBUF)
     begin scope: 'XLXI_70'
     end scope: 'XLXI_70'
     INV:I->O              6   0.562   0.569  XLXI_72 (XLXN_101)
     AND3:I2->O            1   0.562   0.357  XLXI_24 (XLXN_47)
     OR4:I0->O             1   0.562   0.357  XLXI_35 (XLXN_64)
     OBUF:I->O                 4.396          XLXI_79 (OUT_0)
    ----------------------------------------
    Total                      8.757ns (6.906ns logic, 1.851ns route)
                                       (78.9% logic, 21.1% route)

=========================================================================


Total REAL time to Xst completion: 3.00 secs
Total CPU time to Xst completion: 2.41 secs
 
--> 

Total memory usage is 4504360 kilobytes

Number of errors   :    0 (   0 filtered)
Number of warnings :   18 (   0 filtered)
Number of infos    :    0 (   0 filtered)

