  Assembling calc.asm...
calc.asm(3): error A2013: .MODEL must precede this directive
calc.asm(4): error A2034: must be in segment block
calc.asm(5): error A2013: .MODEL must precede this directive
calc.asm(6): error A2034: must be in segment block : calc
calc.asm(7): error A2034: must be in segment block
calc.asm(8): error A2034: must be in segment block
calc.asm(10): error A2034: must be in segment block
calc.asm(11): error A2034: must be in segment block
calc.asm(13): error A2034: must be in segment block
calc.asm(14): error A2034: must be in segment block
calc.asm(15): error A2034: must be in segment block
calc.asm(16): error A2034: must be in segment block
calc.asm(18): error A2034: must be in segment block
calc.asm(19): error A2034: must be in segment block
calc.asm(20): error A2034: must be in segment block
calc.asm(22): error A2034: must be in segment block
calc.asm(23): error A2034: must be in segment block
calc.asm(24): error A2034: must be in segment block
calc.asm(25): error A2034: must be in segment block
calc.asm(27): error A2034: must be in segment block
calc.asm(28): error A2034: must be in segment block
calc.asm(29): error A2034: must be in segment block
calc.asm(30): fatal error A1010: unmatched block nesting : calc
C:\Program Files\Microsoft Visual Studio\2022\Community\MSBuild\Microsoft\VC\v170\BuildCustomizations\masm.targets(70,5): error MSB3721: The command "ml.exe /c /nologo /Zi /Fo"Debug\calc.obj" /W3 /errorReport:prompt  /Tacalc.asm" exited with code 1.
